# JRE version: OpenJDK Runtime Environment Temurin-17.0.6+10 (17.0.6+10) (build 17.0.6+10)
# Java VM: OpenJDK 64-Bit Server VM Temurin-17.0.6+10 (17.0.6+10, mixed mode, emulated-client, tiered, compressed oops, compressed class ptrs, g1 gc, windows-amd64)
GC Precious Log:
 CPUs: 12 total, 12 available
 Memory: 7549M
 Large Page Support: Disabled
 NUMA Support: Disabled
 Compressed Oops: Enabled (32-bit)
 Heap Region Size: 1M
 Heap Min Capacity: 8M
 Heap Initial Capacity: 118M
 Heap Max Capacity: 1G
 Pre-touch: Disabled
 Parallel Workers: 10
 Concurrent Workers: 3
 Concurrent Refinement Workers: 10
 Periodic GC: Disabled
Heap:
 garbage-first heap   total 140288K, used 40992K [0x00000000c0000000, 0x0000000100000000)
  region size 1024K, 1 young (1024K), 0 survivors (0K)
 Metaspace       used 74044K, committed 74880K, reserved 1114112K
  class space    used 10082K, committed 10432K, reserved 1048576K
GC Heap History (20 events):
Event: 19582.547 GC heap before
{Heap before GC invocations=791 (full 705):
 garbage-first heap   total 140288K, used 40992K [0x00000000c0000000, 0x0000000100000000)
  region size 1024K, 1 young (1024K), 0 survivors (0K)
 Metaspace       used 74044K, committed 74880K, reserved 1114112K
  class space    used 10082K, committed 10432K, reserved 1048576K
}
Event: 19582.581 GC heap after
{Heap after GC invocations=792 (full 706):
 garbage-first heap   total 140288K, used 40992K [0x00000000c0000000, 0x0000000100000000)
  region size 1024K, 0 young (0K), 0 survivors (0K)
 Metaspace       used 74044K, committed 74880K, reserved 1114112K
  class space    used 10082K, committed 10432K, reserved 1048576K
}
Event: 19592.772 GC heap before
{Heap before GC invocations=792 (full 706):
 garbage-first heap   total 140288K, used 40992K [0x00000000c0000000, 0x0000000100000000)
  region size 1024K, 1 young (1024K), 0 survivors (0K)
 Metaspace       used 74044K, committed 74880K, reserved 1114112K
  class space    used 10082K, committed 10432K, reserved 1048576K
}
Event: 19592.812 GC heap after
{Heap after GC invocations=793 (full 707):
 garbage-first heap   total 140288K, used 40992K [0x00000000c0000000, 0x0000000100000000)
  region size 1024K, 0 young (0K), 0 survivors (0K)
 Metaspace       used 74044K, committed 74880K, reserved 1114112K
  class space    used 10082K, committed 10432K, reserved 1048576K
}
Event: 19603.009 GC heap before
{Heap before GC invocations=793 (full 707):
 garbage-first heap   total 140288K, used 40992K [0x00000000c0000000, 0x0000000100000000)
  region size 1024K, 1 young (1024K), 0 survivors (0K)
 Metaspace       used 74044K, committed 74880K, reserved 1114112K
  class space    used 10082K, committed 10432K, reserved 1048576K
}
Event: 19603.054 GC heap after
{Heap after GC invocations=794 (full 708):
 garbage-first heap   total 140288K, used 40992K [0x00000000c0000000, 0x0000000100000000)
  region size 1024K, 0 young (0K), 0 survivors (0K)
 Metaspace       used 74044K, committed 74880K, reserved 1114112K
  class space    used 10082K, committed 10432K, reserved 1048576K
}
Event: 19613.222 GC heap before
{Heap before GC invocations=794 (full 708):
 garbage-first heap   total 140288K, used 40992K [0x00000000c0000000, 0x0000000100000000)
  region size 1024K, 1 young (1024K), 0 survivors (0K)
 Metaspace       used 74044K, committed 74880K, reserved 1114112K
  class space    used 10082K, committed 10432K, reserved 1048576K
}
Event: 19613.253 GC heap after
{Heap after GC invocations=795 (full 709):
 garbage-first heap   total 140288K, used 40992K [0x00000000c0000000, 0x0000000100000000)
  region size 1024K, 0 young (0K), 0 survivors (0K)
 Metaspace       used 74044K, committed 74880K, reserved 1114112K
  class space    used 10082K, committed 10432K, reserved 1048576K
}
Event: 19623.402 GC heap before
{Heap before GC invocations=795 (full 709):
 garbage-first heap   total 140288K, used 40992K [0x00000000c0000000, 0x0000000100000000)
  region size 1024K, 1 young (1024K), 0 survivors (0K)
 Metaspace       used 74044K, committed 74880K, reserved 1114112K
  class space    used 10082K, committed 10432K, reserved 1048576K
}
Event: 19623.434 GC heap after
{Heap after GC invocations=796 (full 710):
 garbage-first heap   total 140288K, used 40992K [0x00000000c0000000, 0x0000000100000000)
  region size 1024K, 0 young (0K), 0 survivors (0K)
 Metaspace       used 74044K, committed 74880K, reserved 1114112K
  class space    used 10082K, committed 10432K, reserved 1048576K
}
Event: 19633.708 GC heap before
{Heap before GC invocations=796 (full 710):
 garbage-first heap   total 140288K, used 40992K [0x00000000c0000000, 0x0000000100000000)
  region size 1024K, 1 young (1024K), 0 survivors (0K)
 Metaspace       used 74044K, committed 74880K, reserved 1114112K
  class space    used 10082K, committed 10432K, reserved 1048576K
}
Event: 19633.763 GC heap after
{Heap after GC invocations=797 (full 711):
 garbage-first heap   total 140288K, used 40992K [0x00000000c0000000, 0x0000000100000000)
  region size 1024K, 0 young (0K), 0 survivors (0K)
 Metaspace       used 74044K, committed 74880K, reserved 1114112K
  class space    used 10082K, committed 10432K, reserved 1048576K
}
Event: 19643.926 GC heap before
{Heap before GC invocations=797 (full 711):
 garbage-first heap   total 140288K, used 40992K [0x00000000c0000000, 0x0000000100000000)
  region size 1024K, 1 young (1024K), 0 survivors (0K)
 Metaspace       used 74044K, committed 74880K, reserved 1114112K
  class space    used 10082K, committed 10432K, reserved 1048576K
}
Event: 19643.965 GC heap after
{Heap after GC invocations=798 (full 712):
 garbage-first heap   total 140288K, used 40992K [0x00000000c0000000, 0x0000000100000000)
  region size 1024K, 0 young (0K), 0 survivors (0K)
 Metaspace       used 74044K, committed 74880K, reserved 1114112K
  class space    used 10082K, committed 10432K, reserved 1048576K
}
Event: 19654.220 GC heap before
{Heap before GC invocations=798 (full 712):
 garbage-first heap   total 140288K, used 40992K [0x00000000c0000000, 0x0000000100000000)
  region size 1024K, 1 young (1024K), 0 survivors (0K)
 Metaspace       used 74044K, committed 74880K, reserved 1114112K
  class space    used 10082K, committed 10432K, reserved 1048576K
}
Event: 19654.268 GC heap after
{Heap after GC invocations=799 (full 713):
 garbage-first heap   total 140288K, used 40992K [0x00000000c0000000, 0x0000000100000000)
  region size 1024K, 0 young (0K), 0 survivors (0K)
 Metaspace       used 74044K, committed 74880K, reserved 1114112K
  class space    used 10082K, committed 10432K, reserved 1048576K
}
Event: 19664.435 GC heap before
{Heap before GC invocations=799 (full 713):
 garbage-first heap   total 140288K, used 40992K [0x00000000c0000000, 0x0000000100000000)
  region size 1024K, 1 young (1024K), 0 survivors (0K)
 Metaspace       used 74044K, committed 74880K, reserved 1114112K
  class space    used 10082K, committed 10432K, reserved 1048576K
}
Event: 19664.470 GC heap after
{Heap after GC invocations=800 (full 714):
 garbage-first heap   total 140288K, used 40992K [0x00000000c0000000, 0x0000000100000000)
  region size 1024K, 0 young (0K), 0 survivors (0K)
 Metaspace       used 74044K, committed 74880K, reserved 1114112K
  class space    used 10082K, committed 10432K, reserved 1048576K
}
Event: 19674.776 GC heap before
{Heap before GC invocations=800 (full 714):
 garbage-first heap   total 140288K, used 40992K [0x00000000c0000000, 0x0000000100000000)
  region size 1024K, 1 young (1024K), 0 survivors (0K)
 Metaspace       used 74044K, committed 74880K, reserved 1114112K
  class space    used 10082K, committed 10432K, reserved 1048576K
}
Event: 19674.839 GC heap after
{Heap after GC invocations=801 (full 715):
 garbage-first heap   total 140288K, used 40992K [0x00000000c0000000, 0x0000000100000000)
  region size 1024K, 0 young (0K), 0 survivors (0K)
 Metaspace       used 74044K, committed 74880K, reserved 1114112K
  class space    used 10082K, committed 10432K, reserved 1048576K
}

