# JRE version: OpenJDK Runtime Environment Temurin-17.0.6+10 (17.0.6+10) (build 17.0.6+10)
# Java VM: OpenJDK 64-Bit Server VM Temurin-17.0.6+10 (17.0.6+10, mixed mode, emulated-client, tiered, compressed oops, compressed class ptrs, g1 gc, windows-amd64)
GC Precious Log:
 CPUs: 12 total, 12 available
 Memory: 7549M
 Large Page Support: Disabled
 NUMA Support: Disabled
 Compressed Oops: Enabled (32-bit)
 Heap Region Size: 1M
 Heap Min Capacity: 8M
 Heap Initial Capacity: 118M
 Heap Max Capacity: 1G
 Pre-touch: Disabled
 Parallel Workers: 10
 Concurrent Workers: 3
 Concurrent Refinement Workers: 10
 Periodic GC: Disabled
Heap:
 garbage-first heap   total 502784K, used 159574K [0x00000000c0000000, 0x0000000100000000)
  region size 1024K, 32 young (32768K), 32 survivors (32768K)
 Metaspace       used 45743K, committed 46208K, reserved 1089536K
  class space    used 5742K, committed 5952K, reserved 1048576K
GC Heap History (20 events):
Event: 10.453 GC heap after
{Heap after GC invocations=22 (full 0):
 garbage-first heap   total 106496K, used 69403K [0x00000000c0000000, 0x0000000100000000)
  region size 1024K, 4 young (4096K), 4 survivors (4096K)
 Metaspace       used 39548K, committed 40000K, reserved 1089536K
  class space    used 5060K, committed 5248K, reserved 1048576K
}
Event: 10.455 GC heap before
{Heap before GC invocations=22 (full 0):
 garbage-first heap   total 106496K, used 70427K [0x00000000c0000000, 0x0000000100000000)
  region size 1024K, 5 young (5120K), 4 survivors (4096K)
 Metaspace       used 39548K, committed 40000K, reserved 1089536K
  class space    used 5060K, committed 5248K, reserved 1048576K
}
Event: 10.460 GC heap after
{Heap after GC invocations=23 (full 0):
 garbage-first heap   total 212992K, used 71061K [0x00000000c0000000, 0x0000000100000000)
  region size 1024K, 1 young (1024K), 1 survivors (1024K)
 Metaspace       used 39548K, committed 40000K, reserved 1089536K
  class space    used 5060K, committed 5248K, reserved 1048576K
}
Event: 10.503 GC heap before
{Heap before GC invocations=23 (full 0):
 garbage-first heap   total 212992K, used 131477K [0x00000000c0000000, 0x0000000100000000)
  region size 1024K, 62 young (63488K), 1 survivors (1024K)
 Metaspace       used 39727K, committed 40192K, reserved 1089536K
  class space    used 5080K, committed 5248K, reserved 1048576K
}
Event: 10.507 GC heap after
{Heap after GC invocations=24 (full 0):
 garbage-first heap   total 212992K, used 73911K [0x00000000c0000000, 0x0000000100000000)
  region size 1024K, 4 young (4096K), 4 survivors (4096K)
 Metaspace       used 39727K, committed 40192K, reserved 1089536K
  class space    used 5080K, committed 5248K, reserved 1048576K
}
Event: 10.544 GC heap before
{Heap before GC invocations=24 (full 0):
 garbage-first heap   total 212992K, used 146615K [0x00000000c0000000, 0x0000000100000000)
  region size 1024K, 76 young (77824K), 4 survivors (4096K)
 Metaspace       used 39753K, committed 40192K, reserved 1089536K
  class space    used 5084K, committed 5248K, reserved 1048576K
}
Event: 10.549 GC heap after
{Heap after GC invocations=25 (full 0):
 garbage-first heap   total 212992K, used 76775K [0x00000000c0000000, 0x0000000100000000)
  region size 1024K, 7 young (7168K), 7 survivors (7168K)
 Metaspace       used 39753K, committed 40192K, reserved 1089536K
  class space    used 5084K, committed 5248K, reserved 1048576K
}
Event: 10.575 GC heap before
{Heap before GC invocations=25 (full 0):
 garbage-first heap   total 212992K, used 155623K [0x00000000c0000000, 0x0000000100000000)
  region size 1024K, 85 young (87040K), 7 survivors (7168K)
 Metaspace       used 39833K, committed 40256K, reserved 1089536K
  class space    used 5096K, committed 5248K, reserved 1048576K
}
Event: 10.581 GC heap after
{Heap after GC invocations=26 (full 0):
 garbage-first heap   total 212992K, used 80043K [0x00000000c0000000, 0x0000000100000000)
  region size 1024K, 9 young (9216K), 9 survivors (9216K)
 Metaspace       used 39833K, committed 40256K, reserved 1089536K
  class space    used 5096K, committed 5248K, reserved 1048576K
}
Event: 10.607 GC heap before
{Heap before GC invocations=26 (full 0):
 garbage-first heap   total 212992K, used 159915K [0x00000000c0000000, 0x0000000100000000)
  region size 1024K, 88 young (90112K), 9 survivors (9216K)
 Metaspace       used 39888K, committed 40320K, reserved 1089536K
  class space    used 5111K, committed 5312K, reserved 1048576K
}
Event: 10.615 GC heap after
{Heap after GC invocations=27 (full 0):
 garbage-first heap   total 502784K, used 82911K [0x00000000c0000000, 0x0000000100000000)
  region size 1024K, 7 young (7168K), 7 survivors (7168K)
 Metaspace       used 39888K, committed 40320K, reserved 1089536K
  class space    used 5111K, committed 5312K, reserved 1048576K
}
Event: 11.050 GC heap before
{Heap before GC invocations=27 (full 0):
 garbage-first heap   total 502784K, used 368607K [0x00000000c0000000, 0x0000000100000000)
  region size 1024K, 285 young (291840K), 7 survivors (7168K)
 Metaspace       used 39892K, committed 40384K, reserved 1089536K
  class space    used 5112K, committed 5312K, reserved 1048576K
}
Event: 11.074 GC heap after
{Heap after GC invocations=28 (full 0):
 garbage-first heap   total 502784K, used 103582K [0x00000000c0000000, 0x0000000100000000)
  region size 1024K, 25 young (25600K), 25 survivors (25600K)
 Metaspace       used 39892K, committed 40384K, reserved 1089536K
  class space    used 5112K, committed 5312K, reserved 1048576K
}
Event: 11.318 GC heap before
{Heap before GC invocations=28 (full 0):
 garbage-first heap   total 502784K, used 378014K [0x00000000c0000000, 0x0000000100000000)
  region size 1024K, 294 young (301056K), 25 survivors (25600K)
 Metaspace       used 40355K, committed 40768K, reserved 1089536K
  class space    used 5148K, committed 5312K, reserved 1048576K
}
Event: 11.358 GC heap after
{Heap after GC invocations=29 (full 0):
 garbage-first heap   total 502784K, used 115327K [0x00000000c0000000, 0x0000000100000000)
  region size 1024K, 31 young (31744K), 31 survivors (31744K)
 Metaspace       used 40355K, committed 40768K, reserved 1089536K
  class space    used 5148K, committed 5312K, reserved 1048576K
}
Event: 11.495 GC heap before
{Heap before GC invocations=29 (full 0):
 garbage-first heap   total 502784K, used 383615K [0x00000000c0000000, 0x0000000100000000)
  region size 1024K, 294 young (301056K), 31 survivors (31744K)
 Metaspace       used 40681K, committed 41088K, reserved 1089536K
  class space    used 5151K, committed 5312K, reserved 1048576K
}
Event: 11.546 GC heap after
{Heap after GC invocations=30 (full 0):
 garbage-first heap   total 502784K, used 127129K [0x00000000c0000000, 0x0000000100000000)
  region size 1024K, 24 young (24576K), 24 survivors (24576K)
 Metaspace       used 40681K, committed 41088K, reserved 1089536K
  class space    used 5151K, committed 5312K, reserved 1048576K
}
Event: 11.699 GC heap before
{Heap before GC invocations=30 (full 0):
 garbage-first heap   total 502784K, used 402585K [0x00000000c0000000, 0x0000000100000000)
  region size 1024K, 294 young (301056K), 24 survivors (24576K)
 Metaspace       used 41336K, committed 41792K, reserved 1089536K
  class space    used 5198K, committed 5376K, reserved 1048576K
}
Event: 11.746 GC heap after
{Heap after GC invocations=31 (full 0):
 garbage-first heap   total 502784K, used 143593K [0x00000000c0000000, 0x0000000100000000)
  region size 1024K, 28 young (28672K), 28 survivors (28672K)
 Metaspace       used 41336K, committed 41792K, reserved 1089536K
  class space    used 5198K, committed 5376K, reserved 1048576K
}
Event: 12.568 GC heap before
{Heap before GC invocations=31 (full 0):
 garbage-first heap   total 502784K, used 406761K [0x00000000c0000000, 0x0000000100000000)
  region size 1024K, 286 young (292864K), 28 survivors (28672K)
 Metaspace       used 45743K, committed 46208K, reserved 1089536K
  class space    used 5742K, committed 5952K, reserved 1048576K
}

