# JRE version: OpenJDK Runtime Environment Temurin-17.0.6+10 (17.0.6+10) (build 17.0.6+10)
# Java VM: OpenJDK 64-Bit Server VM Temurin-17.0.6+10 (17.0.6+10, mixed mode, emulated-client, tiered, compressed oops, compressed class ptrs, g1 gc, windows-amd64)
GC Precious Log:
 CPUs: 12 total, 12 available
 Memory: 7549M
 Large Page Support: Disabled
 NUMA Support: Disabled
 Compressed Oops: Enabled (32-bit)
 Heap Region Size: 1M
 Heap Min Capacity: 8M
 Heap Initial Capacity: 118M
 Heap Max Capacity: 1G
 Pre-touch: Disabled
 Parallel Workers: 10
 Concurrent Workers: 3
 Concurrent Refinement Workers: 10
 Periodic GC: Disabled
Heap:
 garbage-first heap   total 150528K, used 44407K [0x00000000c0000000, 0x0000000100000000)
  region size 1024K, 1 young (1024K), 0 survivors (0K)
 Metaspace       used 64172K, committed 64960K, reserved 1105920K
  class space    used 9024K, committed 9344K, reserved 1048576K
GC Heap History (20 events):
Event: 3578.207 GC heap before
{Heap before GC invocations=395 (full 338):
 garbage-first heap   total 150528K, used 44407K [0x00000000c0000000, 0x0000000100000000)
  region size 1024K, 1 young (1024K), 0 survivors (0K)
 Metaspace       used 64172K, committed 64960K, reserved 1105920K
  class space    used 9024K, committed 9344K, reserved 1048576K
}
Event: 3578.236 GC heap after
{Heap after GC invocations=396 (full 339):
 garbage-first heap   total 150528K, used 44407K [0x00000000c0000000, 0x0000000100000000)
  region size 1024K, 0 young (0K), 0 survivors (0K)
 Metaspace       used 64172K, committed 64960K, reserved 1105920K
  class space    used 9024K, committed 9344K, reserved 1048576K
}
Event: 3588.393 GC heap before
{Heap before GC invocations=396 (full 339):
 garbage-first heap   total 150528K, used 44407K [0x00000000c0000000, 0x0000000100000000)
  region size 1024K, 1 young (1024K), 0 survivors (0K)
 Metaspace       used 64172K, committed 64960K, reserved 1105920K
  class space    used 9024K, committed 9344K, reserved 1048576K
}
Event: 3588.420 GC heap after
{Heap after GC invocations=397 (full 340):
 garbage-first heap   total 150528K, used 44407K [0x00000000c0000000, 0x0000000100000000)
  region size 1024K, 0 young (0K), 0 survivors (0K)
 Metaspace       used 64172K, committed 64960K, reserved 1105920K
  class space    used 9024K, committed 9344K, reserved 1048576K
}
Event: 3598.558 GC heap before
{Heap before GC invocations=397 (full 340):
 garbage-first heap   total 150528K, used 44407K [0x00000000c0000000, 0x0000000100000000)
  region size 1024K, 1 young (1024K), 0 survivors (0K)
 Metaspace       used 64172K, committed 64960K, reserved 1105920K
  class space    used 9024K, committed 9344K, reserved 1048576K
}
Event: 3598.585 GC heap after
{Heap after GC invocations=398 (full 341):
 garbage-first heap   total 150528K, used 44407K [0x00000000c0000000, 0x0000000100000000)
  region size 1024K, 0 young (0K), 0 survivors (0K)
 Metaspace       used 64172K, committed 64960K, reserved 1105920K
  class space    used 9024K, committed 9344K, reserved 1048576K
}
Event: 3608.740 GC heap before
{Heap before GC invocations=398 (full 341):
 garbage-first heap   total 150528K, used 44407K [0x00000000c0000000, 0x0000000100000000)
  region size 1024K, 1 young (1024K), 0 survivors (0K)
 Metaspace       used 64172K, committed 64960K, reserved 1105920K
  class space    used 9024K, committed 9344K, reserved 1048576K
}
Event: 3608.769 GC heap after
{Heap after GC invocations=399 (full 342):
 garbage-first heap   total 150528K, used 44407K [0x00000000c0000000, 0x0000000100000000)
  region size 1024K, 0 young (0K), 0 survivors (0K)
 Metaspace       used 64172K, committed 64960K, reserved 1105920K
  class space    used 9024K, committed 9344K, reserved 1048576K
}
Event: 3618.923 GC heap before
{Heap before GC invocations=399 (full 342):
 garbage-first heap   total 150528K, used 44407K [0x00000000c0000000, 0x0000000100000000)
  region size 1024K, 1 young (1024K), 0 survivors (0K)
 Metaspace       used 64172K, committed 64960K, reserved 1105920K
  class space    used 9024K, committed 9344K, reserved 1048576K
}
Event: 3618.949 GC heap after
{Heap after GC invocations=400 (full 343):
 garbage-first heap   total 150528K, used 44407K [0x00000000c0000000, 0x0000000100000000)
  region size 1024K, 0 young (0K), 0 survivors (0K)
 Metaspace       used 64172K, committed 64960K, reserved 1105920K
  class space    used 9024K, committed 9344K, reserved 1048576K
}
Event: 3629.134 GC heap before
{Heap before GC invocations=400 (full 343):
 garbage-first heap   total 150528K, used 44407K [0x00000000c0000000, 0x0000000100000000)
  region size 1024K, 1 young (1024K), 0 survivors (0K)
 Metaspace       used 64172K, committed 64960K, reserved 1105920K
  class space    used 9024K, committed 9344K, reserved 1048576K
}
Event: 3629.175 GC heap after
{Heap after GC invocations=401 (full 344):
 garbage-first heap   total 150528K, used 44407K [0x00000000c0000000, 0x0000000100000000)
  region size 1024K, 0 young (0K), 0 survivors (0K)
 Metaspace       used 64172K, committed 64960K, reserved 1105920K
  class space    used 9024K, committed 9344K, reserved 1048576K
}
Event: 3639.529 GC heap before
{Heap before GC invocations=401 (full 344):
 garbage-first heap   total 150528K, used 44407K [0x00000000c0000000, 0x0000000100000000)
  region size 1024K, 1 young (1024K), 0 survivors (0K)
 Metaspace       used 64172K, committed 64960K, reserved 1105920K
  class space    used 9024K, committed 9344K, reserved 1048576K
}
Event: 3639.589 GC heap after
{Heap after GC invocations=402 (full 345):
 garbage-first heap   total 150528K, used 44407K [0x00000000c0000000, 0x0000000100000000)
  region size 1024K, 0 young (0K), 0 survivors (0K)
 Metaspace       used 64172K, committed 64960K, reserved 1105920K
  class space    used 9024K, committed 9344K, reserved 1048576K
}
Event: 3649.769 GC heap before
{Heap before GC invocations=402 (full 345):
 garbage-first heap   total 150528K, used 44407K [0x00000000c0000000, 0x0000000100000000)
  region size 1024K, 1 young (1024K), 0 survivors (0K)
 Metaspace       used 64172K, committed 64960K, reserved 1105920K
  class space    used 9024K, committed 9344K, reserved 1048576K
}
Event: 3649.811 GC heap after
{Heap after GC invocations=403 (full 346):
 garbage-first heap   total 150528K, used 44407K [0x00000000c0000000, 0x0000000100000000)
  region size 1024K, 0 young (0K), 0 survivors (0K)
 Metaspace       used 64172K, committed 64960K, reserved 1105920K
  class space    used 9024K, committed 9344K, reserved 1048576K
}
Event: 3659.948 GC heap before
{Heap before GC invocations=403 (full 346):
 garbage-first heap   total 150528K, used 44407K [0x00000000c0000000, 0x0000000100000000)
  region size 1024K, 1 young (1024K), 0 survivors (0K)
 Metaspace       used 64172K, committed 64960K, reserved 1105920K
  class space    used 9024K, committed 9344K, reserved 1048576K
}
Event: 3659.975 GC heap after
{Heap after GC invocations=404 (full 347):
 garbage-first heap   total 150528K, used 44407K [0x00000000c0000000, 0x0000000100000000)
  region size 1024K, 0 young (0K), 0 survivors (0K)
 Metaspace       used 64172K, committed 64960K, reserved 1105920K
  class space    used 9024K, committed 9344K, reserved 1048576K
}
Event: 3670.158 GC heap before
{Heap before GC invocations=404 (full 347):
 garbage-first heap   total 150528K, used 44407K [0x00000000c0000000, 0x0000000100000000)
  region size 1024K, 1 young (1024K), 0 survivors (0K)
 Metaspace       used 64172K, committed 64960K, reserved 1105920K
  class space    used 9024K, committed 9344K, reserved 1048576K
}
Event: 3670.198 GC heap after
{Heap after GC invocations=405 (full 348):
 garbage-first heap   total 150528K, used 44407K [0x00000000c0000000, 0x0000000100000000)
  region size 1024K, 0 young (0K), 0 survivors (0K)
 Metaspace       used 64172K, committed 64960K, reserved 1105920K
  class space    used 9024K, committed 9344K, reserved 1048576K
}

