# JRE version: OpenJDK Runtime Environment Temurin-17.0.6+10 (17.0.6+10) (build 17.0.6+10)
# Java VM: OpenJDK 64-Bit Server VM Temurin-17.0.6+10 (17.0.6+10, mixed mode, emulated-client, tiered, compressed oops, compressed class ptrs, g1 gc, windows-amd64)
GC Precious Log:
 CPUs: 12 total, 12 available
 Memory: 7549M
 Large Page Support: Disabled
 NUMA Support: Disabled
 Compressed Oops: Enabled (32-bit)
 Heap Region Size: 1M
 Heap Min Capacity: 8M
 Heap Initial Capacity: 118M
 Heap Max Capacity: 1G
 Pre-touch: Disabled
 Parallel Workers: 10
 Concurrent Workers: 3
 Concurrent Refinement Workers: 10
 Periodic GC: Disabled
Heap:
 garbage-first heap   total 153600K, used 44772K [0x00000000c0000000, 0x0000000100000000)
  region size 1024K, 1 young (1024K), 0 survivors (0K)
 Metaspace       used 64424K, committed 65088K, reserved 1105920K
  class space    used 9062K, committed 9344K, reserved 1048576K
GC Heap History (20 events):
Event: 33667.498 GC heap before
{Heap before GC invocations=1425 (full 1361):
 garbage-first heap   total 153600K, used 44772K [0x00000000c0000000, 0x0000000100000000)
  region size 1024K, 1 young (1024K), 0 survivors (0K)
 Metaspace       used 64424K, committed 65088K, reserved 1105920K
  class space    used 9062K, committed 9344K, reserved 1048576K
}
Event: 33667.541 GC heap after
{Heap after GC invocations=1426 (full 1362):
 garbage-first heap   total 153600K, used 44772K [0x00000000c0000000, 0x0000000100000000)
  region size 1024K, 0 young (0K), 0 survivors (0K)
 Metaspace       used 64424K, committed 65088K, reserved 1105920K
  class space    used 9062K, committed 9344K, reserved 1048576K
}
Event: 33677.677 GC heap before
{Heap before GC invocations=1426 (full 1362):
 garbage-first heap   total 153600K, used 44772K [0x00000000c0000000, 0x0000000100000000)
  region size 1024K, 1 young (1024K), 0 survivors (0K)
 Metaspace       used 64424K, committed 65088K, reserved 1105920K
  class space    used 9062K, committed 9344K, reserved 1048576K
}
Event: 33677.707 GC heap after
{Heap after GC invocations=1427 (full 1363):
 garbage-first heap   total 153600K, used 44772K [0x00000000c0000000, 0x0000000100000000)
  region size 1024K, 0 young (0K), 0 survivors (0K)
 Metaspace       used 64424K, committed 65088K, reserved 1105920K
  class space    used 9062K, committed 9344K, reserved 1048576K
}
Event: 33688.012 GC heap before
{Heap before GC invocations=1427 (full 1363):
 garbage-first heap   total 153600K, used 44772K [0x00000000c0000000, 0x0000000100000000)
  region size 1024K, 1 young (1024K), 0 survivors (0K)
 Metaspace       used 64424K, committed 65088K, reserved 1105920K
  class space    used 9062K, committed 9344K, reserved 1048576K
}
Event: 33688.042 GC heap after
{Heap after GC invocations=1428 (full 1364):
 garbage-first heap   total 153600K, used 44772K [0x00000000c0000000, 0x0000000100000000)
  region size 1024K, 0 young (0K), 0 survivors (0K)
 Metaspace       used 64424K, committed 65088K, reserved 1105920K
  class space    used 9062K, committed 9344K, reserved 1048576K
}
Event: 33698.211 GC heap before
{Heap before GC invocations=1428 (full 1364):
 garbage-first heap   total 153600K, used 44772K [0x00000000c0000000, 0x0000000100000000)
  region size 1024K, 1 young (1024K), 0 survivors (0K)
 Metaspace       used 64424K, committed 65088K, reserved 1105920K
  class space    used 9062K, committed 9344K, reserved 1048576K
}
Event: 33698.242 GC heap after
{Heap after GC invocations=1429 (full 1365):
 garbage-first heap   total 153600K, used 44772K [0x00000000c0000000, 0x0000000100000000)
  region size 1024K, 0 young (0K), 0 survivors (0K)
 Metaspace       used 64424K, committed 65088K, reserved 1105920K
  class space    used 9062K, committed 9344K, reserved 1048576K
}
Event: 33708.422 GC heap before
{Heap before GC invocations=1429 (full 1365):
 garbage-first heap   total 153600K, used 44772K [0x00000000c0000000, 0x0000000100000000)
  region size 1024K, 1 young (1024K), 0 survivors (0K)
 Metaspace       used 64424K, committed 65088K, reserved 1105920K
  class space    used 9062K, committed 9344K, reserved 1048576K
}
Event: 33708.455 GC heap after
{Heap after GC invocations=1430 (full 1366):
 garbage-first heap   total 153600K, used 44772K [0x00000000c0000000, 0x0000000100000000)
  region size 1024K, 0 young (0K), 0 survivors (0K)
 Metaspace       used 64424K, committed 65088K, reserved 1105920K
  class space    used 9062K, committed 9344K, reserved 1048576K
}
Event: 33718.818 GC heap before
{Heap before GC invocations=1430 (full 1366):
 garbage-first heap   total 153600K, used 44772K [0x00000000c0000000, 0x0000000100000000)
  region size 1024K, 1 young (1024K), 0 survivors (0K)
 Metaspace       used 64424K, committed 65088K, reserved 1105920K
  class space    used 9062K, committed 9344K, reserved 1048576K
}
Event: 33718.872 GC heap after
{Heap after GC invocations=1431 (full 1367):
 garbage-first heap   total 153600K, used 44772K [0x00000000c0000000, 0x0000000100000000)
  region size 1024K, 0 young (0K), 0 survivors (0K)
 Metaspace       used 64424K, committed 65088K, reserved 1105920K
  class space    used 9062K, committed 9344K, reserved 1048576K
}
Event: 33729.045 GC heap before
{Heap before GC invocations=1431 (full 1367):
 garbage-first heap   total 153600K, used 44772K [0x00000000c0000000, 0x0000000100000000)
  region size 1024K, 1 young (1024K), 0 survivors (0K)
 Metaspace       used 64424K, committed 65088K, reserved 1105920K
  class space    used 9062K, committed 9344K, reserved 1048576K
}
Event: 33729.122 GC heap after
{Heap after GC invocations=1432 (full 1368):
 garbage-first heap   total 153600K, used 44772K [0x00000000c0000000, 0x0000000100000000)
  region size 1024K, 0 young (0K), 0 survivors (0K)
 Metaspace       used 64424K, committed 65088K, reserved 1105920K
  class space    used 9062K, committed 9344K, reserved 1048576K
}
Event: 33739.315 GC heap before
{Heap before GC invocations=1432 (full 1368):
 garbage-first heap   total 153600K, used 44772K [0x00000000c0000000, 0x0000000100000000)
  region size 1024K, 1 young (1024K), 0 survivors (0K)
 Metaspace       used 64424K, committed 65088K, reserved 1105920K
  class space    used 9062K, committed 9344K, reserved 1048576K
}
Event: 33739.374 GC heap after
{Heap after GC invocations=1433 (full 1369):
 garbage-first heap   total 153600K, used 44772K [0x00000000c0000000, 0x0000000100000000)
  region size 1024K, 0 young (0K), 0 survivors (0K)
 Metaspace       used 64424K, committed 65088K, reserved 1105920K
  class space    used 9062K, committed 9344K, reserved 1048576K
}
Event: 33749.510 GC heap before
{Heap before GC invocations=1433 (full 1369):
 garbage-first heap   total 153600K, used 44772K [0x00000000c0000000, 0x0000000100000000)
  region size 1024K, 1 young (1024K), 0 survivors (0K)
 Metaspace       used 64424K, committed 65088K, reserved 1105920K
  class space    used 9062K, committed 9344K, reserved 1048576K
}
Event: 33749.538 GC heap after
{Heap after GC invocations=1434 (full 1370):
 garbage-first heap   total 153600K, used 44772K [0x00000000c0000000, 0x0000000100000000)
  region size 1024K, 0 young (0K), 0 survivors (0K)
 Metaspace       used 64424K, committed 65088K, reserved 1105920K
  class space    used 9062K, committed 9344K, reserved 1048576K
}
Event: 33759.747 GC heap before
{Heap before GC invocations=1434 (full 1370):
 garbage-first heap   total 153600K, used 44772K [0x00000000c0000000, 0x0000000100000000)
  region size 1024K, 1 young (1024K), 0 survivors (0K)
 Metaspace       used 64424K, committed 65088K, reserved 1105920K
  class space    used 9062K, committed 9344K, reserved 1048576K
}
Event: 33759.778 GC heap after
{Heap after GC invocations=1435 (full 1371):
 garbage-first heap   total 153600K, used 44772K [0x00000000c0000000, 0x0000000100000000)
  region size 1024K, 0 young (0K), 0 survivors (0K)
 Metaspace       used 64424K, committed 65088K, reserved 1105920K
  class space    used 9062K, committed 9344K, reserved 1048576K
}

